nohup: ignoring input

> frontend@0.1.0 start
> react-scripts start

(node:19502) [DEP_WEBPACK_DEV_SERVER_ON_AFTER_SETUP_MIDDLEWARE] DeprecationWarning: 'onAfterSetupMiddleware' option is deprecated. Please use the 'setupMiddlewares' option.
(Use `node --trace-deprecation ...` to show where the warning was created)
(node:19502) [DEP_WEBPACK_DEV_SERVER_ON_BEFORE_SETUP_MIDDLEWARE] DeprecationWarning: 'onBeforeSetupMiddleware' option is deprecated. Please use the 'setupMiddlewares' option.
Starting the development server...

Compiled successfully!

You can now view frontend in the browser.

  Local:            http://localhost:3000
  On Your Network:  http://10.0.0.24:3000

Note that the development build is not optimized.
To create a production build, use npm run build.

webpack compiled successfully
Failed to compile.

Module not found: Error: Can't resolve '/home/ubuntu/frontend/node_modules/source-map-loader/dist/cjs.js' in '/home/ubuntu/frontend'
ERROR in main
Module not found: Error: Can't resolve '/home/ubuntu/frontend/node_modules/source-map-loader/dist/cjs.js' in '/home/ubuntu/frontend'

ERROR in Module not found: Error: Can't resolve '/home/ubuntu/frontend/node_modules/source-map-loader/dist/cjs.js' in '/home/ubuntu/frontend'

ERROR in Module not found: Error: Can't resolve '/home/ubuntu/frontend/node_modules/source-map-loader/dist/cjs.js' in '/home/ubuntu/frontend'

ERROR in Module not found: Error: Can't resolve '/home/ubuntu/frontend/node_modules/source-map-loader/dist/cjs.js' in '/home/ubuntu/frontend'

ERROR in Child compilation failed:
Module not found: Error: Can't resolve '/home/ubuntu/frontend/node_modules/html-webpack-plugin/lib/loader.js' in '/home/ubuntu/frontend'
ModuleNotFoundError: Module not found: Error: Can't resolve '/home/ubuntu/frontend/node_modules/html-webpack-plugin/lib/loader.js' in '/home/ubuntu/frontend'
    at /home/ubuntu/frontend/node_modules/webpack/lib/Compilation.js:2246:28
    at /home/ubuntu/frontend/node_modules/webpack/lib/NormalModuleFactory.js:949:13
    at eval (eval at create (/home/ubuntu/frontend/node_modules/tapable/lib/HookCodeFactory.js:33:10), <anonymous>:10:1)
    at /home/ubuntu/frontend/node_modules/webpack/lib/NormalModuleFactory.js:347:22
    at eval (eval at create (/home/ubuntu/frontend/node_modules/tapable/lib/HookCodeFactory.js:33:10), <anonymous>:9:1)
    at /home/ubuntu/frontend/node_modules/webpack/lib/NormalModuleFactory.js:532:22
    at /home/ubuntu/frontend/node_modules/webpack/lib/NormalModuleFactory.js:163:10
    at /home/ubuntu/frontend/node_modules/webpack/lib/NormalModuleFactory.js:769:23
    at /home/ubuntu/frontend/node_modules/neo-async/async.js:2830:7
    at done (/home/ubuntu/frontend/node_modules/neo-async/async.js:2925:13)
    at /home/ubuntu/frontend/node_modules/webpack/lib/NormalModuleFactory.js:1218:23
    at finishWithoutResolve (/home/ubuntu/frontend/node_modules/enhanced-resolve/lib/Resolver.js:570:11)
    at /home/ubuntu/frontend/node_modules/enhanced-resolve/lib/Resolver.js:659:14
    at /home/ubuntu/frontend/node_modules/enhanced-resolve/lib/Resolver.js:720:5
    at eval (eval at create (/home/ubuntu/frontend/node_modules/tapable/lib/HookCodeFactory.js:33:10), <anonymous>:16:1)
    at /home/ubuntu/frontend/node_modules/enhanced-resolve/lib/Resolver.js:720:5
    at eval (eval at create (/home/ubuntu/frontend/node_modules/tapable/lib/HookCodeFactory.js:33:10), <anonymous>:27:1)
    at /home/ubuntu/frontend/node_modules/enhanced-resolve/lib/DescriptionFilePlugin.js:89:43
    at /home/ubuntu/frontend/node_modules/enhanced-resolve/lib/Resolver.js:720:5
    at eval (eval at create (/home/ubuntu/frontend/node_modules/tapable/lib/HookCodeFactory.js:33:10), <anonymous>:15:1)
    at /home/ubuntu/frontend/node_modules/enhanced-resolve/lib/Resolver.js:720:5
    at eval (eval at create (/home/ubuntu/frontend/node_modules/tapable/lib/HookCodeFactory.js:33:10), <anonymous>:15:1)
    at /home/ubuntu/frontend/node_modules/enhanced-resolve/lib/Resolver.js:720:5
    at eval (eval at create (/home/ubuntu/frontend/node_modules/tapable/lib/HookCodeFactory.js:33:10), <anonymous>:16:1)
    at /home/ubuntu/frontend/node_modules/enhanced-resolve/lib/Resolver.js:720:5
    at eval (eval at create (/home/ubuntu/frontend/node_modules/tapable/lib/HookCodeFactory.js:33:10), <anonymous>:27:1)
    at /home/ubuntu/frontend/node_modules/enhanced-resolve/lib/DescriptionFilePlugin.js:89:43
    at /home/ubuntu/frontend/node_modules/enhanced-resolve/lib/Resolver.js:720:5
    at eval (eval at create (/home/ubuntu/frontend/node_modules/tapable/lib/HookCodeFactory.js:33:10), <anonymous>:16:1)
    at /home/ubuntu/frontend/node_modules/enhanced-resolve/lib/Resolver.js:720:5
    at eval (eval at create (/home/ubuntu/frontend/node_modules/tapable/lib/HookCodeFactory.js:33:10), <anonymous>:15:1)
    at /home/ubuntu/frontend/node_modules/enhanced-resolve/lib/DirectoryExistsPlugin.js:43:15
    at process.processTicksAndRejections (node:internal/process/task_queues:81:21)

1 ERROR in child compilations (Use 'stats.children: true' resp. '--stats-children' for more details)
webpack compiled with 6 errors
Failed to compile.

Module not found: Error: Can't resolve '/home/ubuntu/frontend/node_modules/source-map-loader/dist/cjs.js' in '/home/ubuntu/frontend'
ERROR in main
Module not found: Error: Can't resolve '/home/ubuntu/frontend/node_modules/source-map-loader/dist/cjs.js' in '/home/ubuntu/frontend'

ERROR in Module not found: Error: Can't resolve '/home/ubuntu/frontend/node_modules/source-map-loader/dist/cjs.js' in '/home/ubuntu/frontend'

ERROR in Module not found: Error: Can't resolve '/home/ubuntu/frontend/node_modules/source-map-loader/dist/cjs.js' in '/home/ubuntu/frontend'

ERROR in Module not found: Error: Can't resolve '/home/ubuntu/frontend/node_modules/webpack/hot/dev-server.js' in '/home/ubuntu/frontend'

ERROR in Child compilation failed:
Module not found: Error: Can't resolve '/home/ubuntu/frontend/node_modules/html-webpack-plugin/lib/loader.js' in '/home/ubuntu/frontend'
ModuleNotFoundError: Module not found: Error: Can't resolve '/home/ubuntu/frontend/node_modules/html-webpack-plugin/lib/loader.js' in '/home/ubuntu/frontend'
    at /home/ubuntu/frontend/node_modules/webpack/lib/Compilation.js:2246:28
    at /home/ubuntu/frontend/node_modules/webpack/lib/NormalModuleFactory.js:949:13
    at eval (eval at create (/home/ubuntu/frontend/node_modules/tapable/lib/HookCodeFactory.js:33:10), <anonymous>:10:1)
    at /home/ubuntu/frontend/node_modules/webpack/lib/NormalModuleFactory.js:347:22
    at eval (eval at create (/home/ubuntu/frontend/node_modules/tapable/lib/HookCodeFactory.js:33:10), <anonymous>:9:1)
    at /home/ubuntu/frontend/node_modules/webpack/lib/NormalModuleFactory.js:532:22
    at /home/ubuntu/frontend/node_modules/webpack/lib/NormalModuleFactory.js:163:10
    at /home/ubuntu/frontend/node_modules/webpack/lib/NormalModuleFactory.js:769:23
    at /home/ubuntu/frontend/node_modules/neo-async/async.js:2830:7
    at done (/home/ubuntu/frontend/node_modules/neo-async/async.js:2925:13)
    at /home/ubuntu/frontend/node_modules/webpack/lib/NormalModuleFactory.js:1218:23
    at finishWithoutResolve (/home/ubuntu/frontend/node_modules/enhanced-resolve/lib/Resolver.js:570:11)
    at /home/ubuntu/frontend/node_modules/enhanced-resolve/lib/Resolver.js:659:14
    at /home/ubuntu/frontend/node_modules/enhanced-resolve/lib/Resolver.js:720:5
    at eval (eval at create (/home/ubuntu/frontend/node_modules/tapable/lib/HookCodeFactory.js:33:10), <anonymous>:16:1)
    at /home/ubuntu/frontend/node_modules/enhanced-resolve/lib/Resolver.js:720:5
    at eval (eval at create (/home/ubuntu/frontend/node_modules/tapable/lib/HookCodeFactory.js:33:10), <anonymous>:27:1)
    at /home/ubuntu/frontend/node_modules/enhanced-resolve/lib/DescriptionFilePlugin.js:89:43
    at /home/ubuntu/frontend/node_modules/enhanced-resolve/lib/Resolver.js:720:5
    at eval (eval at create (/home/ubuntu/frontend/node_modules/tapable/lib/HookCodeFactory.js:33:10), <anonymous>:15:1)
    at /home/ubuntu/frontend/node_modules/enhanced-resolve/lib/Resolver.js:720:5
    at eval (eval at create (/home/ubuntu/frontend/node_modules/tapable/lib/HookCodeFactory.js:33:10), <anonymous>:15:1)
    at /home/ubuntu/frontend/node_modules/enhanced-resolve/lib/Resolver.js:720:5
    at eval (eval at create (/home/ubuntu/frontend/node_modules/tapable/lib/HookCodeFactory.js:33:10), <anonymous>:16:1)
    at /home/ubuntu/frontend/node_modules/enhanced-resolve/lib/Resolver.js:720:5
    at eval (eval at create (/home/ubuntu/frontend/node_modules/tapable/lib/HookCodeFactory.js:33:10), <anonymous>:27:1)
    at /home/ubuntu/frontend/node_modules/enhanced-resolve/lib/DescriptionFilePlugin.js:89:43
    at /home/ubuntu/frontend/node_modules/enhanced-resolve/lib/Resolver.js:720:5
    at eval (eval at create (/home/ubuntu/frontend/node_modules/tapable/lib/HookCodeFactory.js:33:10), <anonymous>:16:1)
    at /home/ubuntu/frontend/node_modules/enhanced-resolve/lib/Resolver.js:720:5
    at eval (eval at create (/home/ubuntu/frontend/node_modules/tapable/lib/HookCodeFactory.js:33:10), <anonymous>:15:1)
    at /home/ubuntu/frontend/node_modules/enhanced-resolve/lib/DirectoryExistsPlugin.js:43:15
    at process.processTicksAndRejections (node:internal/process/task_queues:81:21)

webpack compiled with 5 errors
Failed to compile.

Module not found: Error: Can't resolve '/home/ubuntu/frontend/node_modules/@pmmmwh/react-refresh-webpack-plugin/client/ReactRefreshEntry.js' in '/home/ubuntu/frontend'
ERROR in Module not found: Error: Can't resolve '/home/ubuntu/frontend/node_modules/@pmmmwh/react-refresh-webpack-plugin/client/ReactRefreshEntry.js' in '/home/ubuntu/frontend'

ERROR in main
Module not found: Error: Can't resolve '/home/ubuntu/frontend/node_modules/source-map-loader/dist/cjs.js' in '/home/ubuntu/frontend'

ERROR in Module not found: Error: Can't resolve '/home/ubuntu/frontend/node_modules/source-map-loader/dist/cjs.js' in '/home/ubuntu/frontend'

ERROR in Module not found: Error: Can't resolve '/home/ubuntu/frontend/node_modules/webpack/hot/dev-server.js' in '/home/ubuntu/frontend'

ERROR in Child compilation failed:
Module not found: Error: Can't resolve '/home/ubuntu/frontend/node_modules/html-webpack-plugin/lib/loader.js' in '/home/ubuntu/frontend'
ModuleNotFoundError: Module not found: Error: Can't resolve '/home/ubuntu/frontend/node_modules/html-webpack-plugin/lib/loader.js' in '/home/ubuntu/frontend'
    at /home/ubuntu/frontend/node_modules/webpack/lib/Compilation.js:2246:28
    at /home/ubuntu/frontend/node_modules/webpack/lib/NormalModuleFactory.js:949:13
    at eval (eval at create (/home/ubuntu/frontend/node_modules/tapable/lib/HookCodeFactory.js:33:10), <anonymous>:10:1)
    at /home/ubuntu/frontend/node_modules/webpack/lib/NormalModuleFactory.js:347:22
    at eval (eval at create (/home/ubuntu/frontend/node_modules/tapable/lib/HookCodeFactory.js:33:10), <anonymous>:9:1)
    at /home/ubuntu/frontend/node_modules/webpack/lib/NormalModuleFactory.js:532:22
    at /home/ubuntu/frontend/node_modules/webpack/lib/NormalModuleFactory.js:163:10
    at /home/ubuntu/frontend/node_modules/webpack/lib/NormalModuleFactory.js:769:23
    at /home/ubuntu/frontend/node_modules/neo-async/async.js:2830:7
    at done (/home/ubuntu/frontend/node_modules/neo-async/async.js:2925:13)
    at /home/ubuntu/frontend/node_modules/webpack/lib/NormalModuleFactory.js:1218:23
    at finishWithoutResolve (/home/ubuntu/frontend/node_modules/enhanced-resolve/lib/Resolver.js:570:11)
    at /home/ubuntu/frontend/node_modules/enhanced-resolve/lib/Resolver.js:659:14
    at /home/ubuntu/frontend/node_modules/enhanced-resolve/lib/Resolver.js:720:5
    at eval (eval at create (/home/ubuntu/frontend/node_modules/tapable/lib/HookCodeFactory.js:33:10), <anonymous>:16:1)
    at /home/ubuntu/frontend/node_modules/enhanced-resolve/lib/Resolver.js:720:5
    at eval (eval at create (/home/ubuntu/frontend/node_modules/tapable/lib/HookCodeFactory.js:33:10), <anonymous>:27:1)
    at /home/ubuntu/frontend/node_modules/enhanced-resolve/lib/DescriptionFilePlugin.js:89:43
    at /home/ubuntu/frontend/node_modules/enhanced-resolve/lib/Resolver.js:720:5
    at eval (eval at create (/home/ubuntu/frontend/node_modules/tapable/lib/HookCodeFactory.js:33:10), <anonymous>:15:1)
    at /home/ubuntu/frontend/node_modules/enhanced-resolve/lib/Resolver.js:720:5
    at eval (eval at create (/home/ubuntu/frontend/node_modules/tapable/lib/HookCodeFactory.js:33:10), <anonymous>:15:1)
    at /home/ubuntu/frontend/node_modules/enhanced-resolve/lib/Resolver.js:720:5
    at eval (eval at create (/home/ubuntu/frontend/node_modules/tapable/lib/HookCodeFactory.js:33:10), <anonymous>:16:1)
    at /home/ubuntu/frontend/node_modules/enhanced-resolve/lib/Resolver.js:720:5
    at eval (eval at create (/home/ubuntu/frontend/node_modules/tapable/lib/HookCodeFactory.js:33:10), <anonymous>:27:1)
    at /home/ubuntu/frontend/node_modules/enhanced-resolve/lib/DescriptionFilePlugin.js:89:43
    at /home/ubuntu/frontend/node_modules/enhanced-resolve/lib/Resolver.js:720:5
    at eval (eval at create (/home/ubuntu/frontend/node_modules/tapable/lib/HookCodeFactory.js:33:10), <anonymous>:16:1)
    at /home/ubuntu/frontend/node_modules/enhanced-resolve/lib/Resolver.js:720:5
    at eval (eval at create (/home/ubuntu/frontend/node_modules/tapable/lib/HookCodeFactory.js:33:10), <anonymous>:15:1)
    at /home/ubuntu/frontend/node_modules/enhanced-resolve/lib/DirectoryExistsPlugin.js:43:15
    at process.processTicksAndRejections (node:internal/process/task_queues:81:21)

webpack compiled with 5 errors
Failed to compile.

Module not found: Error: Can't resolve '/home/ubuntu/frontend/node_modules/@pmmmwh/react-refresh-webpack-plugin/client/ReactRefreshEntry.js' in '/home/ubuntu/frontend'
ERROR in Module not found: Error: Can't resolve '/home/ubuntu/frontend/node_modules/@pmmmwh/react-refresh-webpack-plugin/client/ReactRefreshEntry.js' in '/home/ubuntu/frontend'

ERROR in main
Module not found: Error: Can't resolve '/home/ubuntu/frontend/node_modules/source-map-loader/dist/cjs.js' in '/home/ubuntu/frontend'

ERROR in Module not found: Error: Can't resolve '/home/ubuntu/frontend/node_modules/source-map-loader/dist/cjs.js' in '/home/ubuntu/frontend'

ERROR in Module not found: Error: Can't resolve '/home/ubuntu/frontend/node_modules/webpack/hot/dev-server.js' in '/home/ubuntu/frontend'

ERROR in Child compilation failed:
Module not found: Error: Can't resolve '/home/ubuntu/frontend/node_modules/html-webpack-plugin/lib/loader.js' in '/home/ubuntu/frontend'
ModuleNotFoundError: Module not found: Error: Can't resolve '/home/ubuntu/frontend/node_modules/html-webpack-plugin/lib/loader.js' in '/home/ubuntu/frontend'
    at /home/ubuntu/frontend/node_modules/webpack/lib/Compilation.js:2246:28
    at /home/ubuntu/frontend/node_modules/webpack/lib/NormalModuleFactory.js:949:13
    at eval (eval at create (/home/ubuntu/frontend/node_modules/tapable/lib/HookCodeFactory.js:33:10), <anonymous>:10:1)
    at /home/ubuntu/frontend/node_modules/webpack/lib/NormalModuleFactory.js:347:22
    at eval (eval at create (/home/ubuntu/frontend/node_modules/tapable/lib/HookCodeFactory.js:33:10), <anonymous>:9:1)
    at /home/ubuntu/frontend/node_modules/webpack/lib/NormalModuleFactory.js:532:22
    at /home/ubuntu/frontend/node_modules/webpack/lib/NormalModuleFactory.js:163:10
    at /home/ubuntu/frontend/node_modules/webpack/lib/NormalModuleFactory.js:769:23
    at /home/ubuntu/frontend/node_modules/neo-async/async.js:2830:7
    at done (/home/ubuntu/frontend/node_modules/neo-async/async.js:2925:13)
    at /home/ubuntu/frontend/node_modules/webpack/lib/NormalModuleFactory.js:1218:23
    at finishWithoutResolve (/home/ubuntu/frontend/node_modules/enhanced-resolve/lib/Resolver.js:570:11)
    at /home/ubuntu/frontend/node_modules/enhanced-resolve/lib/Resolver.js:659:14
    at /home/ubuntu/frontend/node_modules/enhanced-resolve/lib/Resolver.js:720:5
    at eval (eval at create (/home/ubuntu/frontend/node_modules/tapable/lib/HookCodeFactory.js:33:10), <anonymous>:16:1)
    at /home/ubuntu/frontend/node_modules/enhanced-resolve/lib/Resolver.js:720:5
    at eval (eval at create (/home/ubuntu/frontend/node_modules/tapable/lib/HookCodeFactory.js:33:10), <anonymous>:27:1)
    at /home/ubuntu/frontend/node_modules/enhanced-resolve/lib/DescriptionFilePlugin.js:89:43
    at /home/ubuntu/frontend/node_modules/enhanced-resolve/lib/Resolver.js:720:5
    at eval (eval at create (/home/ubuntu/frontend/node_modules/tapable/lib/HookCodeFactory.js:33:10), <anonymous>:15:1)
    at /home/ubuntu/frontend/node_modules/enhanced-resolve/lib/Resolver.js:720:5
    at eval (eval at create (/home/ubuntu/frontend/node_modules/tapable/lib/HookCodeFactory.js:33:10), <anonymous>:15:1)
    at /home/ubuntu/frontend/node_modules/enhanced-resolve/lib/Resolver.js:720:5
    at eval (eval at create (/home/ubuntu/frontend/node_modules/tapable/lib/HookCodeFactory.js:33:10), <anonymous>:16:1)
    at /home/ubuntu/frontend/node_modules/enhanced-resolve/lib/Resolver.js:720:5
    at eval (eval at create (/home/ubuntu/frontend/node_modules/tapable/lib/HookCodeFactory.js:33:10), <anonymous>:27:1)
    at /home/ubuntu/frontend/node_modules/enhanced-resolve/lib/DescriptionFilePlugin.js:89:43
    at /home/ubuntu/frontend/node_modules/enhanced-resolve/lib/Resolver.js:720:5
    at eval (eval at create (/home/ubuntu/frontend/node_modules/tapable/lib/HookCodeFactory.js:33:10), <anonymous>:16:1)
    at /home/ubuntu/frontend/node_modules/enhanced-resolve/lib/Resolver.js:720:5
    at eval (eval at create (/home/ubuntu/frontend/node_modules/tapable/lib/HookCodeFactory.js:33:10), <anonymous>:15:1)
    at /home/ubuntu/frontend/node_modules/enhanced-resolve/lib/DirectoryExistsPlugin.js:43:15
    at process.processTicksAndRejections (node:internal/process/task_queues:81:21)

webpack compiled with 5 errors
Failed to compile.

Module not found: Error: Can't resolve '/home/ubuntu/frontend/node_modules/@pmmmwh/react-refresh-webpack-plugin/client/ReactRefreshEntry.js' in '/home/ubuntu/frontend'
ERROR in Module not found: Error: Can't resolve '/home/ubuntu/frontend/node_modules/@pmmmwh/react-refresh-webpack-plugin/client/ReactRefreshEntry.js' in '/home/ubuntu/frontend'

ERROR in main
Module not found: Error: Can't resolve '/home/ubuntu/frontend/node_modules/babel-loader/lib/index.js' in '/home/ubuntu/frontend'

ERROR in Module not found: Error: Can't resolve '/home/ubuntu/frontend/node_modules/webpack-dev-server/client/index.js?protocol=ws%3A&hostname=0.0.0.0&port=3000&pathname=%2Fws&logging=none&overlay=%7B%22errors%22%3Atrue%2C%22warnings%22%3Afalse%7D&reconnect=10&hot=true&live-reload=true' in '/home/ubuntu/frontend'

ERROR in Module not found: Error: Can't resolve '/home/ubuntu/frontend/node_modules/webpack/hot/dev-server.js' in '/home/ubuntu/frontend'

ERROR in Child compilation failed:
Module not found: Error: Can't resolve '/home/ubuntu/frontend/node_modules/html-webpack-plugin/lib/loader.js' in '/home/ubuntu/frontend'
ModuleNotFoundError: Module not found: Error: Can't resolve '/home/ubuntu/frontend/node_modules/html-webpack-plugin/lib/loader.js' in '/home/ubuntu/frontend'
    at /home/ubuntu/frontend/node_modules/webpack/lib/Compilation.js:2246:28
    at /home/ubuntu/frontend/node_modules/webpack/lib/NormalModuleFactory.js:949:13
    at eval (eval at create (/home/ubuntu/frontend/node_modules/tapable/lib/HookCodeFactory.js:33:10), <anonymous>:10:1)
    at /home/ubuntu/frontend/node_modules/webpack/lib/NormalModuleFactory.js:347:22
    at eval (eval at create (/home/ubuntu/frontend/node_modules/tapable/lib/HookCodeFactory.js:33:10), <anonymous>:9:1)
    at /home/ubuntu/frontend/node_modules/webpack/lib/NormalModuleFactory.js:532:22
    at /home/ubuntu/frontend/node_modules/webpack/lib/NormalModuleFactory.js:163:10
    at /home/ubuntu/frontend/node_modules/webpack/lib/NormalModuleFactory.js:769:23
    at /home/ubuntu/frontend/node_modules/neo-async/async.js:2830:7
    at done (/home/ubuntu/frontend/node_modules/neo-async/async.js:2925:13)
    at /home/ubuntu/frontend/node_modules/webpack/lib/NormalModuleFactory.js:1218:23
    at finishWithoutResolve (/home/ubuntu/frontend/node_modules/enhanced-resolve/lib/Resolver.js:570:11)
    at /home/ubuntu/frontend/node_modules/enhanced-resolve/lib/Resolver.js:659:14
    at /home/ubuntu/frontend/node_modules/enhanced-resolve/lib/Resolver.js:720:5
    at eval (eval at create (/home/ubuntu/frontend/node_modules/tapable/lib/HookCodeFactory.js:33:10), <anonymous>:16:1)
    at /home/ubuntu/frontend/node_modules/enhanced-resolve/lib/Resolver.js:720:5
    at eval (eval at create (/home/ubuntu/frontend/node_modules/tapable/lib/HookCodeFactory.js:33:10), <anonymous>:27:1)
    at /home/ubuntu/frontend/node_modules/enhanced-resolve/lib/DescriptionFilePlugin.js:89:43
    at /home/ubuntu/frontend/node_modules/enhanced-resolve/lib/Resolver.js:720:5
    at eval (eval at create (/home/ubuntu/frontend/node_modules/tapable/lib/HookCodeFactory.js:33:10), <anonymous>:15:1)
    at /home/ubuntu/frontend/node_modules/enhanced-resolve/lib/Resolver.js:720:5
    at eval (eval at create (/home/ubuntu/frontend/node_modules/tapable/lib/HookCodeFactory.js:33:10), <anonymous>:15:1)
    at /home/ubuntu/frontend/node_modules/enhanced-resolve/lib/Resolver.js:720:5
    at eval (eval at create (/home/ubuntu/frontend/node_modules/tapable/lib/HookCodeFactory.js:33:10), <anonymous>:16:1)
    at /home/ubuntu/frontend/node_modules/enhanced-resolve/lib/Resolver.js:720:5
    at eval (eval at create (/home/ubuntu/frontend/node_modules/tapable/lib/HookCodeFactory.js:33:10), <anonymous>:27:1)
    at /home/ubuntu/frontend/node_modules/enhanced-resolve/lib/DescriptionFilePlugin.js:89:43
    at /home/ubuntu/frontend/node_modules/enhanced-resolve/lib/Resolver.js:720:5
    at eval (eval at create (/home/ubuntu/frontend/node_modules/tapable/lib/HookCodeFactory.js:33:10), <anonymous>:16:1)
    at /home/ubuntu/frontend/node_modules/enhanced-resolve/lib/Resolver.js:720:5
    at eval (eval at create (/home/ubuntu/frontend/node_modules/tapable/lib/HookCodeFactory.js:33:10), <anonymous>:15:1)
    at /home/ubuntu/frontend/node_modules/enhanced-resolve/lib/DirectoryExistsPlugin.js:43:15
    at process.processTicksAndRejections (node:internal/process/task_queues:81:21)

webpack compiled with 5 errors
/home/ubuntu/frontend/node_modules/react-scripts/scripts/start.js:19
  throw err;
  ^

[Error: ENOENT: no such file or directory, stat '/home/ubuntu/frontend/node_modules/.cache/default-development/0.pack'] {
  errno: -2,
  code: 'ENOENT',
  syscall: 'stat',
  path: '/home/ubuntu/frontend/node_modules/.cache/default-development/0.pack'
}

Node.js v20.19.4
